Determining if the pthread_create exist failed with the following output:
Change Dir: /home/gene/tutorial_2018/gene钟志聪/2_week/timer_exercise/build/CMakeFiles/CMakeTmp

Run Build Command:"/usr/bin/make" "cmTC_42031/fast"
/usr/bin/make -f CMakeFiles/cmTC_42031.dir/build.make CMakeFiles/cmTC_42031.dir/build
make[1]: Entering directory '/home/gene/tutorial_2018/gene钟志聪/2_week/timer_exercise/build/CMakeFiles/CMakeTmp'
Building C object CMakeFiles/cmTC_42031.dir/CheckSymbolExists.c.o
/usr/bin/cc    -o CMakeFiles/cmTC_42031.dir/CheckSymbolExists.c.o   -c /home/gene/tutorial_2018/gene钟志聪/2_week/timer_exercise/build/CMakeFiles/CMakeTmp/CheckSymbolExists.c
Linking C executable cmTC_42031
/usr/bin/cmake -E cmake_link_script CMakeFiles/cmTC_42031.dir/link.txt --verbose=1
/usr/bin/cc      -rdynamic CMakeFiles/cmTC_42031.dir/CheckSymbolExists.c.o  -o cmTC_42031 
CMakeFiles/cmTC_42031.dir/CheckSymbolExists.c.o: In function `main':
CheckSymbolExists.c:(.text+0x1b): undefined reference to `pthread_create'
collect2: error: ld returned 1 exit status
CMakeFiles/cmTC_42031.dir/build.make:97: recipe for target 'cmTC_42031' failed
make[1]: *** [cmTC_42031] Error 1
make[1]: Leaving directory '/home/gene/tutorial_2018/gene钟志聪/2_week/timer_exercise/build/CMakeFiles/CMakeTmp'
Makefile:126: recipe for target 'cmTC_42031/fast' failed
make: *** [cmTC_42031/fast] Error 2

File /home/gene/tutorial_2018/gene钟志聪/2_week/timer_exercise/build/CMakeFiles/CMakeTmp/CheckSymbolExists.c:
/* */
#include <pthread.h>

int main(int argc, char** argv)
{
  (void)argv;
#ifndef pthread_create
  return ((int*)(&pthread_create))[argc];
#else
  (void)argc;
  return 0;
#endif
}

Determining if the function pthread_create exists in the pthreads failed with the following output:
Change Dir: /home/gene/tutorial_2018/gene钟志聪/2_week/timer_exercise/build/CMakeFiles/CMakeTmp

Run Build Command:"/usr/bin/make" "cmTC_1124d/fast"
/usr/bin/make -f CMakeFiles/cmTC_1124d.dir/build.make CMakeFiles/cmTC_1124d.dir/build
make[1]: Entering directory '/home/gene/tutorial_2018/gene钟志聪/2_week/timer_exercise/build/CMakeFiles/CMakeTmp'
Building C object CMakeFiles/cmTC_1124d.dir/CheckFunctionExists.c.o
/usr/bin/cc   -DCHECK_FUNCTION_EXISTS=pthread_create   -o CMakeFiles/cmTC_1124d.dir/CheckFunctionExists.c.o   -c /usr/share/cmake-3.10/Modules/CheckFunctionExists.c
Linking C executable cmTC_1124d
/usr/bin/cmake -E cmake_link_script CMakeFiles/cmTC_1124d.dir/link.txt --verbose=1
/usr/bin/cc  -DCHECK_FUNCTION_EXISTS=pthread_create    -rdynamic CMakeFiles/cmTC_1124d.dir/CheckFunctionExists.c.o  -o cmTC_1124d -lpthreads 
/usr/bin/ld: cannot find -lpthreads
collect2: error: ld returned 1 exit status
CMakeFiles/cmTC_1124d.dir/build.make:97: recipe for target 'cmTC_1124d' failed
make[1]: *** [cmTC_1124d] Error 1
make[1]: Leaving directory '/home/gene/tutorial_2018/gene钟志聪/2_week/timer_exercise/build/CMakeFiles/CMakeTmp'
Makefile:126: recipe for target 'cmTC_1124d/fast' failed
make: *** [cmTC_1124d/fast] Error 2


